#
# There is insufficient memory for the Java Runtime Environment to continue.
# Native memory allocation (malloc) failed to allocate 1048576 bytes for AllocateHeap
# Possible reasons:
#   The system is out of physical RAM or swap space
#   In 32 bit mode, the process size limit was hit
# Possible solutions:
#   Reduce memory load on the system
#   Increase physical memory or swap space
#   Check if swap backing store is full
#   Use 64 bit Java on a 64 bit OS
#   Decrease Java heap size (-Xmx/-Xms)
#   Decrease number of Java threads
#   Decrease Java thread stack sizes (-Xss)
#   Set larger code cache with -XX:ReservedCodeCacheSize=
# This output file may be truncated or incomplete.
#
#  Out of Memory Error (memory/allocation.inline.hpp:61), pid=15760, tid=0x0000000000003314
#
# JRE version:  (8.0_181-b13) (build )
# Java VM: Java HotSpot(TM) 64-Bit Server VM (25.181-b13 mixed mode windows-amd64 compressed oops)
# Failed to write core dump. Minidumps are not enabled by default on client versions of Windows
#

---------------  T H R E A D  ---------------

Current thread (0x0000000002e93800):  JavaThread "Unknown thread" [_thread_in_vm, id=13076, stack(0x0000000002920000,0x0000000002a20000)]

Stack: [0x0000000002920000,0x0000000002a20000]
[error occurred during error reporting (printing stack bounds), id 0xc0000005]

Native frames: (J=compiled Java code, j=interpreted, Vv=VM code, C=native code)


---------------  P R O C E S S  ---------------

Java Threads: ( => current thread )

Other Threads:

=>0x0000000002e93800 (exited) JavaThread "Unknown thread" [_thread_in_vm, id=13076, stack(0x0000000002920000,0x0000000002a20000)]

VM state:not at safepoint (normal execution)

VM Mutex/Monitor currently owned by a thread: None

Heap:
 PSYoungGen      total 38400K, used 665K [0x00000000d5b80000, 0x00000000d8600000, 0x0000000100000000)
  eden space 33280K, 2% used [0x00000000d5b80000,0x00000000d5c26670,0x00000000d7c00000)
  from space 5120K, 0% used [0x00000000d8100000,0x00000000d8100000,0x00000000d8600000)
  to   space 5120K, 0% used [0x00000000d7c00000,0x00000000d7c00000,0x00000000d8100000)
 ParOldGen       total 87552K, used 0K [0x0000000081200000, 0x0000000086780000, 0x00000000d5b80000)
  object space 87552K, 0% used [0x0000000081200000,0x0000000081200000,0x0000000086780000)
 Metaspace       used 785K, capacity 4480K, committed 4480K, reserved 1056768K
  class space    used 76K, capacity 384K, committed 384K, reserved 1048576K

Card table byte_map: [0x00000000123f0000,0x00000000127f0000] byte_map_base: 0x0000000011fe7000

Marking Bits: (ParMarkBitMap*) 0x000000006bbe2d00
 Begin Bits: [0x0000000012ea0000, 0x0000000014e58000)
 End Bits:   [0x0000000014e58000, 0x0000000016e10000)

Polling page: 0x0000000000d20000

CodeCache: size=245760Kb used=328Kb max_used=328Kb free=245431Kb
 bounds [0x0000000003030000, 0x00000000032a0000, 0x0000000012030000]
 total_blobs=58 nmethods=0 adapters=38
 compilation: enabled

Compilation events (0 events):
No events

GC Heap History (0 events):
No events

Deoptimization events (0 events):
No events

Classes redefined (0 events):
No events

Internal exceptions (0 events):
No events

Events (10 events):
Event: 0.048 loading class java/lang/Short
Event: 0.048 loading class java/lang/Short done
Event: 0.048 loading class java/lang/Integer
Event: 0.048 loading class java/lang/Integer done
Event: 0.048 loading class java/lang/Long
Event: 0.048 loading class java/lang/Long done
Event: 0.049 loading class java/lang/NullPointerException
Event: 0.049 loading class java/lang/NullPointerException done
Event: 0.049 loading class java/lang/ArithmeticException
Event: 0.049 loading class java/lang/ArithmeticException done


Dynamic libraries:
0x00007ff704500000 - 0x00007ff704537000 	D:\proSoftware\JDK\JDK8\bin\java.exe
0x00007ffa1dc70000 - 0x00007ffa1de5d000 	C:\WINDOWS\SYSTEM32\ntdll.dll
0x00007ffa1d8c0000 - 0x00007ffa1d973000 	C:\WINDOWS\System32\KERNEL32.DLL
0x00007ffa19e40000 - 0x00007ffa1a0d3000 	C:\WINDOWS\System32\KERNELBASE.dll
0x00007ffa1d1e0000 - 0x00007ffa1d283000 	C:\WINDOWS\System32\ADVAPI32.dll
0x00007ffa1dba0000 - 0x00007ffa1dc3e000 	C:\WINDOWS\System32\msvcrt.dll
0x00007ffa1af70000 - 0x00007ffa1b00e000 	C:\WINDOWS\System32\sechost.dll
0x00007ffa1b740000 - 0x00007ffa1b862000 	C:\WINDOWS\System32\RPCRT4.dll
0x00007ffa1b020000 - 0x00007ffa1b1b7000 	C:\WINDOWS\System32\USER32.dll
0x00007ffa1abc0000 - 0x00007ffa1abe0000 	C:\WINDOWS\System32\win32u.dll
0x00007ffa1d310000 - 0x00007ffa1d339000 	C:\WINDOWS\System32\GDI32.dll
0x00007ffa1abe0000 - 0x00007ffa1ad7a000 	C:\WINDOWS\System32\gdi32full.dll
0x00007ffa1ad80000 - 0x00007ffa1ae20000 	C:\WINDOWS\System32\msvcp_win.dll
0x00007ffa19d40000 - 0x00007ffa19e3c000 	C:\WINDOWS\System32\ucrtbase.dll
0x00007ff9f65b0000 - 0x00007ff9f6829000 	C:\WINDOWS\WinSxS\amd64_microsoft.windows.common-controls_6595b64144ccf1df_6.0.17763.253_none_05b2388e0721fece\COMCTL32.dll
0x00007ffa1b1c0000 - 0x00007ffa1b4ed000 	C:\WINDOWS\System32\combase.dll
0x00007ffa1ae20000 - 0x00007ffa1ae9e000 	C:\WINDOWS\System32\bcryptPrimitives.dll
0x00007ffa1b710000 - 0x00007ffa1b73e000 	C:\WINDOWS\System32\IMM32.DLL
0x000000006bc70000 - 0x000000006bd42000 	D:\proSoftware\JDK\JDK8\jre\bin\msvcr100.dll
0x000000006b3c0000 - 0x000000006bc62000 	D:\proSoftware\JDK\JDK8\jre\bin\server\jvm.dll
0x00007ffa1b010000 - 0x00007ffa1b018000 	C:\WINDOWS\System32\PSAPI.DLL
0x00007ffa03e20000 - 0x00007ffa03e29000 	C:\WINDOWS\SYSTEM32\WSOCK32.dll
0x00007ffa1ba70000 - 0x00007ffa1badd000 	C:\WINDOWS\System32\WS2_32.dll
0x00007ffa17990000 - 0x00007ffa179b4000 	C:\WINDOWS\SYSTEM32\WINMM.dll
0x00007ffa0cfa0000 - 0x00007ffa0cfaa000 	C:\WINDOWS\SYSTEM32\VERSION.dll
0x00007ffa17870000 - 0x00007ffa1789d000 	C:\WINDOWS\SYSTEM32\WINMMBASE.dll
0x00007ffa1ab50000 - 0x00007ffa1ab9a000 	C:\WINDOWS\System32\cfgmgr32.dll
0x000000006b3b0000 - 0x000000006b3bf000 	D:\proSoftware\JDK\JDK8\jre\bin\verify.dll
0x000000006b380000 - 0x000000006b3a9000 	D:\proSoftware\JDK\JDK8\jre\bin\java.dll
0x000000006b320000 - 0x000000006b355000 	D:\proSoftware\JDK\JDK8\jre\bin\jdwp.dll
0x000000006b310000 - 0x000000006b318000 	D:\proSoftware\JDK\JDK8\jre\bin\npt.dll
0x000000006b2e0000 - 0x000000006b303000 	D:\proSoftware\JDK\JDK8\jre\bin\instrument.dll
0x000000006b360000 - 0x000000006b376000 	D:\proSoftware\JDK\JDK8\jre\bin\zip.dll

VM Arguments:
jvm_args: -agentlib:jdwp=transport=dt_socket,address=127.0.0.1:62234,suspend=y,server=n -javaagent:C:\Users\Heper\.IntelliJIdea2018.2\system\captureAgent\debugger-agent.jar=file:/C:/Users/Heper/AppData/Local/Temp/capture.props -Dfile.encoding=UTF-8 
java_command: leetcode.explore.backtracking.WordExist
java_class_path (initial): D:\proSoftware\JDK\JDK8\jre\lib\charsets.jar;D:\proSoftware\JDK\JDK8\jre\lib\deploy.jar;D:\proSoftware\JDK\JDK8\jre\lib\ext\access-bridge-64.jar;D:\proSoftware\JDK\JDK8\jre\lib\ext\cldrdata.jar;D:\proSoftware\JDK\JDK8\jre\lib\ext\dnsns.jar;D:\proSoftware\JDK\JDK8\jre\lib\ext\jaccess.jar;D:\proSoftware\JDK\JDK8\jre\lib\ext\jfxrt.jar;D:\proSoftware\JDK\JDK8\jre\lib\ext\localedata.jar;D:\proSoftware\JDK\JDK8\jre\lib\ext\nashorn.jar;D:\proSoftware\JDK\JDK8\jre\lib\ext\sunec.jar;D:\proSoftware\JDK\JDK8\jre\lib\ext\sunjce_provider.jar;D:\proSoftware\JDK\JDK8\jre\lib\ext\sunmscapi.jar;D:\proSoftware\JDK\JDK8\jre\lib\ext\sunpkcs11.jar;D:\proSoftware\JDK\JDK8\jre\lib\ext\zipfs.jar;D:\proSoftware\JDK\JDK8\jre\lib\javaws.jar;D:\proSoftware\JDK\JDK8\jre\lib\jce.jar;D:\proSoftware\JDK\JDK8\jre\lib\jfr.jar;D:\proSoftware\JDK\JDK8\jre\lib\jfxswt.jar;D:\proSoftware\JDK\JDK8\jre\lib\jsse.jar;D:\proSoftware\JDK\JDK8\jre\lib\management-agent.jar;D:\proSoftware\JDK\JDK8\jre\lib\plugin.jar;D:\proSoftware\JDK\JDK8\jre\lib\resources.jar;D:\proSoftware\JDK\JDK8\jre\lib\rt.jar;D:\AGithub\learn-java-algorithm\out\production\learn-java-algorithm;D:\proSoftware\IntelliJ IDEA 2018.2.2\lib\idea_rt.jar;C:\Users\Heper\.IntelliJIdea2018.2\system\captureAgent\debugger-agent.jar
Launcher Type: SUN_STANDARD

Environment Variables:
PATH=C:\Program Files (x86)\Common Files\Oracle\Java\javapath;C:\WINDOWS\system32;C:\WINDOWS;C:\WINDOWS\System32\Wbem;C:\WINDOWS\System32\WindowsPowerShell\v1.0\;C:\WINDOWS\System32\OpenSSH\;C:\Program Files\dotnet\;C:\Program Files\Microsoft SQL Server\130\Tools\Binn\;C:\Program Files\Microsoft SQL Server\Client SDK\ODBC\130\Tools\Binn\;C:\Program Files (x86)\Microsoft SQL Server\140\Tools\Binn\;C:\Program Files\Microsoft SQL Server\140\Tools\Binn\;C:\Program Files\Microsoft SQL Server\140\DTS\Binn\;C:\Program Files (x86)\Microsoft SQL Server\Client SDK\ODBC\130\Tools\Binn\;C:\Program Files (x86)\Microsoft SQL Server\140\DTS\Binn\;C:\Program Files (x86)\Microsoft SQL Server\140\Tools\Binn\ManagementStudio\;D:\proSoftware\Git\cmd;D:\proSoftware\mysql-8.0.12-winx64\bin;D:\proSoftware\Matlab2018A\runtime\win64;D:\proSoftware\Matlab2018A\bin;D:\proSoftware\NodeJs\;C:\Users\Heper\Desktop\IDE;C:\Users\Heper\AppData\Local\Google\Chrome\Application;C:\Users\Heper\Desktop\ä¯ÀÀÆ÷;D:\proSoftware\Putty\;C:\Program Files (x86)\Wolfram Research\WolframScript\;C:\Users\Heper\AppData\Local\Programs\Python\Python36\Scripts\;C:\Users\Heper\AppData\Local\Programs\Python\Python36\;C:\Users\Heper\AppData\Local\Microsoft\WindowsApps;C:\Users\Heper\AppData\Roaming\npm;D:\proSoftware\Microsoft VS Code\bin;
USERNAME=Heper
OS=Windows_NT
PROCESSOR_IDENTIFIER=Intel64 Family 6 Model 142 Stepping 9, GenuineIntel



---------------  S Y S T E M  ---------------

OS: Windows 10.0 , 64 bit Build 17763 (10.0.17763.1)

CPU:total 4 (initial active 4) (2 cores per cpu, 2 threads per core) family 6 model 142 stepping 9, cmov, cx8, fxsr, mmx, sse, sse2, sse3, ssse3, sse4.1, sse4.2, popcnt, avx, avx2, aes, clmul, erms, rtm, 3dnowpref, lzcnt, ht, tsc, tscinvbit, bmi1, bmi2, adx

Memory: 4k page, physical 8311908k(1224696k free), swap 8311908k(5836k free)

vm_info: Java HotSpot(TM) 64-Bit Server VM (25.181-b13) for windows-amd64 JRE (1.8.0_181-b13), built on Jul  7 2018 04:01:33 by "java_re" with MS VC++ 10.0 (VS2010)

time: Tue Feb 12 15:01:51 2019
elapsed time: 0 seconds (0d 0h 0m 0s)

